<?xml version="1.0" encoding="utf-8"?><testsuites name="pytest tests"><testsuite name="pytest" errors="0" failures="0" skipped="0" tests="210" time="31.139" timestamp="2026-06-22T23:37:15.521127+00:00" hostname="agent-env-9903f5df-dbdd-49c6-87a0-c01d0a827e0b"><testcase classname="tests.test_admin" name="test_admin_me_returns_super_admin_user" time="0.151" /><testcase classname="tests.test_admin" name="test_admin_me_403_for_anonymous" time="0.127" /><testcase classname="tests.test_admin" name="test_admin_users_list_paginates_and_searches" time="0.108" /><testcase classname="tests.test_admin" name="test_toggle_admin_writes_audit_entry" time="0.218" /><testcase classname="tests.test_admin" name="test_toggle_admin_refuses_to_touch_super_admins" time="0.062" /><testcase classname="tests.test_admin" name="test_toggle_suspend_kills_sessions" time="0.273" /><testcase classname="tests.test_admin" name="test_patch_user_updates_ai_quota_override" time="0.167" /><testcase classname="tests.test_admin" name="test_audit_log_filters_by_action" time="0.114" /><testcase classname="tests.test_auth" name="test_me_with_valid_token_returns_200" time="0.047" /><testcase classname="tests.test_auth" name="test_me_without_token_returns_401" time="0.111" /><testcase classname="tests.test_auth" name="test_me_with_stale_bearer_token_returns_401" time="0.105" /><testcase classname="tests.test_auth" name="test_me_with_stale_cookie_returns_401" time="0.101" /><testcase classname="tests.test_auth" name="test_me_401_does_not_clear_valid_cookie" time="0.103" /><testcase classname="tests.test_braintree" name="test_client_token_endpoint_returns_real_braintree_token" time="0.616" /><testcase classname="tests.test_braintree" name="test_checkout_unknown_listing_returns_404" time="0.118" /><testcase classname="tests.test_braintree" name="test_checkout_mocked_success_mints_download_token" time="1.941" /><testcase classname="tests.test_braintree" name="test_checkout_mocked_decline_returns_error_message" time="1.203" /><testcase classname="tests.test_braintree" name="test_webhook_verify_endpoint_echoes_challenge" time="0.125" /><testcase classname="tests.test_braintree" name="test_webhook_verify_rejects_non_hex_challenge" time="0.102" /><testcase classname="tests.test_catalogs" name="test_printer_catalog_size" time="0.000" /><testcase classname="tests.test_catalogs" name="test_every_profile_has_nozzle_metadata" time="0.000" /><testcase classname="tests.test_catalogs" name="test_key_new_printers_present" time="0.000" /><testcase classname="tests.test_catalogs" name="test_legacy_printer_ids_unchanged" time="0.000" /><testcase classname="tests.test_catalogs" name="test_nozzle_layer_bounds_window" time="0.000" /><testcase classname="tests.test_catalogs" name="test_tool_slots_drive_gcode" time="0.000" /><testcase classname="tests.test_catalogs" name="test_printers_endpoint_exposes_nozzles" time="0.047" /><testcase classname="tests.test_catalogs" name="test_filament_catalog_size_and_materials" time="0.000" /><testcase classname="tests.test_catalogs" name="test_filament_catalog_brand_breadth" time="0.000" /><testcase classname="tests.test_catalogs" name="test_filament_ids_unique_and_hex_valid" time="0.001" /><testcase classname="tests.test_catalogs" name="test_browse_material_filter" time="0.049" /><testcase classname="tests.test_catalogs" name="test_hex_search_material_filter" time="0.051" /><testcase classname="tests.test_catalogs" name="test_nozzle_embedded_in_3mf" time="0.227" /><testcase classname="tests.test_catalogs" name="test_nozzle_in_swap_txt" time="0.113" /><testcase classname="tests.test_color_3mf" name="test_per_filament_slabs_split_by_swap_layers" time="0.002" /><testcase classname="tests.test_color_3mf" name="test_per_filament_slabs_skip_empty" time="0.000" /><testcase classname="tests.test_color_3mf" name="test_3mf_contains_one_object_per_filament_with_metadata" time="0.013" /><testcase classname="tests.test_color_3mf" name="test_write_3mf_falls_back_to_single_mesh_without_slabs" time="0.001" /><testcase classname="tests.test_color_3mf" name="test_base_min_layers_fills_voids_in_base_slab" time="0.001" /><testcase classname="tests.test_color_3mf" name="test_base_min_layers_does_not_inflate_nonzero_pixels" time="0.001" /><testcase classname="tests.test_color_3mf" name="test_build_export_clamps_base_min_layers_to_1_5" time="0.003" /><testcase classname="tests.test_cost_estimate_api" name="test_optimize_returns_cost_estimate_flat" time="0.026" /><testcase classname="tests.test_cost_estimate_api" name="test_optimize_disc_is_roughly_pi_over_4_of_flat" time="0.041" /><testcase classname="tests.test_cost_estimator" name="test_basic_flat_estimate_nonzero" time="0.000" /><testcase classname="tests.test_cost_estimator" name="test_estimate_scales_with_thickness" time="0.000" /><testcase classname="tests.test_cost_estimator" name="test_disc_estimate_is_less_than_flat" time="0.000" /><testcase classname="tests.test_cost_estimator" name="test_to_dict_serialises" time="0.000" /><testcase classname="tests.test_cost_estimator" name="test_price_per_kg_brand_tier" time="0.000" /><testcase classname="tests.test_cost_estimator" name="test_estimate_uses_explicit_price_when_present" time="0.000" /><testcase classname="tests.test_filament_library" name="test_brands_endpoint_returns_all_nine" time="0.105" /><testcase classname="tests.test_filament_library" name="test_browse_default_returns_full_catalog" time="0.113" /><testcase classname="tests.test_filament_library" name="test_browse_brand_filter" time="0.103" /><testcase classname="tests.test_filament_library" name="test_search_orange_finds_orange" time="0.126" /><testcase classname="tests.test_filament_library" name="test_search_de2000_algorithm" time="0.121" /><testcase classname="tests.test_filament_library" name="test_search_invalid_hex_returns_400" time="0.108" /><testcase classname="tests.test_filament_library" name="test_private_library_requires_auth" time="0.112" /><testcase classname="tests.test_filament_library" name="test_private_library_add_list_delete" time="0.249" /><testcase classname="tests.test_filament_library" name="test_suggest_endpoint" time="0.052" /><testcase classname="tests.test_filament_library" name="test_match_palette_manufacturer_scope" time="0.099" /><testcase classname="tests.test_filament_library" name="test_match_palette_mine_requires_auth" time="0.120" /><testcase classname="tests.test_filament_library" name="test_match_palette_mine_with_private_lib" time="0.196" /><testcase classname="tests.test_forgeslicer_bridge" name="test_resolve_source_shape_lithophane_modes" time="0.000" /><testcase classname="tests.test_forgeslicer_bridge" name="test_resolve_source_shape_lightbox_parts" time="0.000" /><testcase classname="tests.test_forgeslicer_bridge" name="test_resolve_source_shape_unknown_part" time="0.000" /><testcase classname="tests.test_forgeslicer_bridge" name="test_get_session_token_prefers_cookie" time="0.000" /><testcase classname="tests.test_forgeslicer_bridge" name="test_send_requires_auth" time="0.105" /><testcase classname="tests.test_forgeslicer_bridge" name="test_send_404_unknown_job" time="0.054" /><testcase classname="tests.test_forgeslicer_bridge" name="test_send_round_trip" time="0.355" /><testcase classname="tests.test_forgeslicer_bridge" name="test_send_box_lightbox_parts" time="1.437" /><testcase classname="tests.test_forgeslicer_extra" name="test_forgeslicer_error_pass_through" time="0.446" /><testcase classname="tests.test_forgeslicer_extra" name="test_forgeslicer_unreachable_returns_502" time="0.297" /><testcase classname="tests.test_forgeslicer_extra" name="test_diffuser_disabled_returns_400" time="0.472" /><testcase classname="tests.test_greedy_mesh" name="test_greedy_top_rects_collapses_constant_z_to_one_rect" time="0.000" /><testcase classname="tests.test_greedy_mesh" name="test_greedy_top_rects_singletons_for_unequal_corners" time="0.000" /><testcase classname="tests.test_greedy_mesh" name="test_greedy_top_rects_mixed_field" time="0.000" /><testcase classname="tests.test_greedy_mesh" name="test_bottom_rects_collapses_to_one_when_full" time="0.000" /><testcase classname="tests.test_greedy_mesh" name="test_bottom_rects_decomposes_disconnected_holes" time="0.002" /><testcase classname="tests.test_greedy_mesh" name="test_build_mesh_constant_layer_map_collapses_triangles" time="0.001" /><testcase classname="tests.test_greedy_mesh" name="test_build_mesh_preserves_bounding_box" time="0.001" /><testcase classname="tests.test_greedy_mesh" name="test_slab_mesh_constant_base_collapses_triangles" time="0.005" /><testcase classname="tests.test_greedy_mesh" name="test_build_export_triangle_count_reported" time="0.006" /><testcase classname="tests.test_greedy_mesh" name="test_disc_mesh_unaffected_by_greedy_optimization" time="0.001" /><testcase classname="tests.test_greedy_mesh" name="test_3mf_vertex_compaction_drops_unused_vertices" time="0.018" /><testcase classname="tests.test_iter110_swap_simulator.TestFilamentLibrarySearchPrice" name="test_search_returns_price_per_kg_usd" time="0.133" /><testcase classname="tests.test_iter110_swap_simulator.TestFilamentLibrarySearchPrice" name="test_brand_tier_ordering" time="0.106" /><testcase classname="tests.test_iter110_swap_simulator.TestFilamentLibrarySearchPrice" name="test_petg_more_expensive_than_pla_same_brand" time="0.232" /><testcase classname="tests.test_iter110_swap_simulator.TestCostEstimatorExplicitPrice" name="test_explicit_price_scales_total_cost" time="0.000" /><testcase classname="tests.test_iter110_swap_simulator.TestStripeRoutesRemoved" name="test_marketplace_checkout_route_is_404" time="0.103" /><testcase classname="tests.test_iter110_swap_simulator.TestBraintreeStillWorks" name="test_braintree_client_token" time="0.616" /><testcase classname="tests.test_iter110_swap_simulator.TestBuyerDownloadInvalidToken" name="test_no_token_no_auth_returns_401" time="0.105" /><testcase classname="tests.test_iter110_swap_simulator.TestBuyerDownloadInvalidToken" name="test_invalid_token_does_not_crash" time="0.103" /><testcase classname="tests.test_iter112_launch_and_admin_marketplace.TestEmailNotify" name="test_valid_signup_returns_ok" time="0.110" /><testcase classname="tests.test_iter112_launch_and_admin_marketplace.TestEmailNotify" name="test_idempotent_on_email_source" time="0.308" /><testcase classname="tests.test_iter112_launch_and_admin_marketplace.TestEmailNotify" name="test_different_source_creates_new_doc" time="0.217" /><testcase classname="tests.test_iter112_launch_and_admin_marketplace.TestEmailNotify" name="test_invalid_empty_email_returns_400" time="0.112" /><testcase classname="tests.test_iter112_launch_and_admin_marketplace.TestEmailNotify" name="test_invalid_missing_at_returns_400" time="0.101" /><testcase classname="tests.test_iter112_launch_and_admin_marketplace.TestEmailNotify" name="test_invalid_missing_tld_returns_400" time="0.104" /><testcase classname="tests.test_iter112_launch_and_admin_marketplace.TestAdminMarketplaceAuth" name="test_listings_anon_returns_401" time="0.106" /><testcase classname="tests.test_iter112_launch_and_admin_marketplace.TestAdminMarketplaceAuth" name="test_listings_non_admin_returns_403" time="0.115" /><testcase classname="tests.test_iter112_launch_and_admin_marketplace.TestAdminMarketplaceListings" name="test_listings_admin_returns_seeded_job" time="0.066" /><testcase classname="tests.test_iter112_launch_and_admin_marketplace.TestAdminMarketplaceUnlist" name="test_unlist_single_removes_listing" time="0.114" /><testcase classname="tests.test_iter112_launch_and_admin_marketplace.TestAdminMarketplaceUnlist" name="test_unlist_unknown_returns_404" time="0.053" /><testcase classname="tests.test_iter112_launch_and_admin_marketplace.TestAdminMarketplaceUnlist" name="test_unlist_twice_returns_404" time="0.142" /><testcase classname="tests.test_iter112_launch_and_admin_marketplace.TestAdminMarketplaceBulkUnlist" name="test_bulk_unlist_by_job_ids" time="0.114" /><testcase classname="tests.test_iter112_launch_and_admin_marketplace.TestAdminMarketplaceBulkUnlist" name="test_bulk_unlist_all_missing_confirm_returns_400" time="0.048" /><testcase classname="tests.test_iter112_launch_and_admin_marketplace.TestAdminMarketplaceBulkUnlist" name="test_bulk_unlist_all_wrong_confirm_returns_400" time="0.048" /><testcase classname="tests.test_iter112_launch_and_admin_marketplace.TestAdminMarketplaceBulkUnlist" name="test_bulk_unlist_all_succeeds" time="0.112" /><testcase classname="tests.test_iter112_launch_and_admin_marketplace.TestAdminMarketplaceBulkUnlist" name="test_bulk_unlist_neither_returns_400" time="0.050" /><testcase classname="tests.test_lightbox" name="test_rect_frame_mesh_builds" time="0.001" /><testcase classname="tests.test_lightbox" name="test_round_frame_mesh_builds" time="0.002" /><testcase classname="tests.test_lightbox" name="test_rect_back_panel_has_cable_notch" time="0.000" /><testcase classname="tests.test_lightbox" name="test_round_back_panel_is_disc" time="0.001" /><testcase classname="tests.test_lightbox" name="test_diffuser_mesh_builds" time="0.000" /><testcase classname="tests.test_lightbox" name="test_build_lightbox_export_returns_all_parts" time="0.004" /><testcase classname="tests.test_lightbox" name="test_build_lightbox_export_skips_diffuser_when_disabled" time="0.003" /><testcase classname="tests.test_lightbox" name="test_led_mount_modes_change_triangle_count" time="0.001" /><testcase classname="tests.test_lightbox" name="test_build_export_box_geometry_emits_lightbox_parts" time="0.012" /><testcase classname="tests.test_lightbox" name="test_build_export_box_round_uses_disc_litho" time="0.079" /><testcase classname="tests.test_lightbox" name="test_geometry_spec_litho_mode_helper" time="0.000" /><testcase classname="tests.test_lightbox_api.TestOptimizeBox" name="test_box_rect_returns_job_id" time="0.143" /><testcase classname="tests.test_lightbox_api.TestOptimizeBox" name="test_box_round_masks_layer_map" time="0.305" /><testcase classname="tests.test_lightbox_api.TestLightboxExports" name="test_frame_stl_binary" time="0.199" /><testcase classname="tests.test_lightbox_api.TestLightboxExports" name="test_back_stl_binary" time="0.264" /><testcase classname="tests.test_lightbox_api.TestLightboxExports" name="test_diffuser_stl_when_enabled" time="0.194" /><testcase classname="tests.test_lightbox_api.TestLightboxExports" name="test_diffuser_404_when_disabled" time="0.224" /><testcase classname="tests.test_lightbox_api.TestLightboxExports" name="test_flat_geometry_400_on_lightbox_endpoints" time="0.269" /><testcase classname="tests.test_lightbox_api.TestLightboxExports" name="test_round_box_lightbox_parts" time="0.514" /><testcase classname="tests.test_lightbox_api.TestLithophaneRegression" name="test_stl_still_works_in_box_mode" time="0.197" /><testcase classname="tests.test_lightbox_api.TestLithophaneRegression" name="test_3mf_still_works_in_box_mode" time="0.194" /><testcase classname="tests.test_lithophane_api.TestHealth" name="test_root" time="0.045" /><testcase classname="tests.test_lithophane_api.TestHealth" name="test_default_filaments" time="0.047" /><testcase classname="tests.test_lithophane_api.TestUpload" name="test_upload_raw_b64" time="0.058" /><testcase classname="tests.test_lithophane_api.TestUpload" name="test_upload_data_url" time="0.051" /><testcase classname="tests.test_lithophane_api.TestUpload" name="test_upload_invalid_base64" time="0.048" /><testcase classname="tests.test_lithophane_api.TestOptimize" name="test_optimize_basic" time="0.131" /><testcase classname="tests.test_lithophane_api.TestOptimize" name="test_optimize_preview_is_valid_png" time="0.000" /><testcase classname="tests.test_lithophane_api.TestOptimize" name="test_optimize_unknown_image" time="0.051" /><testcase classname="tests.test_lithophane_api.TestOptimize" name="test_optimize_max_swaps_2" time="0.071" /><testcase classname="tests.test_lithophane_api.TestJobs" name="test_get_job_metadata" time="0.046" /><testcase classname="tests.test_lithophane_api.TestJobs" name="test_get_job_unknown" time="0.045" /><testcase classname="tests.test_lithophane_api.TestExports" name="test_stl" time="0.223" /><testcase classname="tests.test_lithophane_api.TestExports" name="test_swaps" time="0.207" /><testcase classname="tests.test_lithophane_api.TestExports" name="test_3mf" time="0.211" /><testcase classname="tests.test_lithophane_api.TestExports" name="test_export_unknown_job" time="0.154" /><testcase classname="tests.test_lithophane_api.TestCurvedGeometry" name="test_curved_stl" time="0.911" /><testcase classname="tests.test_lithophane_api.TestDiscGeometry" name="test_disc_optimize_and_export" time="1.949" /><testcase classname="tests.test_lithophane_api.TestPrinters" name="test_catalog" time="0.046" /><testcase classname="tests.test_lithophane_api.TestPrinters" name="test_bed_fit_check" time="0.097" /><testcase classname="tests.test_lithophane_api.TestPrinters" name="test_export_3mf_picks_up_creator_printer" time="0.413" /><testcase classname="tests.test_lithophane_api.TestPrinters" name="test_buyer_override_switches_printer" time="0.410" /><testcase classname="tests.test_lithophane_api.TestPrinters" name="test_ams_slot_overflow_falls_back_to_m600" time="0.336" /><testcase classname="tests.test_lithophane_api.TestLegacyStatus" name="test_status_create_and_list" time="0.113" /><testcase classname="tests.test_marketplace" name="test_auth_me_requires_token" time="0.019" /><testcase classname="tests.test_marketplace" name="test_auth_me_with_token" time="0.008" /><testcase classname="tests.test_marketplace" name="test_publish_and_browse_marketplace" time="0.016" /><testcase classname="tests.test_marketplace" name="test_unpublish" time="0.012" /><testcase classname="tests.test_marketplace" name="test_my_jobs_includes_listed_flag" time="0.015" /><testcase classname="tests.test_painting_frame" name="test_optimize_returns_void_pixel_count_for_lithophane" time="0.191" /><testcase classname="tests.test_painting_frame" name="test_optimize_disc_in_domain_excludes_outside_circle" time="0.141" /><testcase classname="tests.test_painting_frame" name="test_painting_frame_paints_border_in_brightest_filament" time="0.218" /><testcase classname="tests.test_painting_frame" name="test_frame_zero_keeps_painting_output_unchanged" time="0.215" /><testcase classname="tests.test_paypal_payouts.TestPayPalPayouts" name="test_status_default_anonymous" time="0.219" /><testcase classname="tests.test_paypal_payouts.TestPayPalPayouts" name="test_status_default" time="0.064" /><testcase classname="tests.test_paypal_payouts.TestPayPalPayouts" name="test_set_invalid_email" time="0.061" /><testcase classname="tests.test_paypal_payouts.TestPayPalPayouts" name="test_set_valid_email" time="0.059" /><testcase classname="tests.test_paypal_payouts.TestPayPalPayouts" name="test_settle_credits_pending_balance" time="0.014" /><testcase classname="tests.test_paypal_payouts.TestPayPalPayouts" name="test_run_batch_no_eligible_creators" time="0.016" /><testcase classname="tests.test_paypal_payouts.TestPayPalPayouts" name="test_run_batch_filters_by_threshold" time="0.016" /><testcase classname="tests.test_paypal_payouts.TestPayPalPayouts" name="test_run_batch_filters_missing_paypal_email" time="0.023" /><testcase classname="tests.test_paypal_payouts.TestPayPalPayouts" name="test_run_batch_mock_mode_pays_out" time="0.025" /><testcase classname="tests.test_paypal_payouts.TestPayPalPayouts" name="test_admin_pending_endpoint" time="0.066" /><testcase classname="tests.test_paypal_payouts.TestPayPalPayouts" name="test_admin_run_endpoint" time="0.075" /><testcase classname="tests.test_paypal_payouts.TestPayPalPayouts" name="test_admin_batches_list" time="0.111" /><testcase classname="tests.test_paypal_payouts.TestPayPalPayouts" name="test_non_admin_blocked_from_admin_endpoints" time="0.120" /><testcase classname="tests.test_paypal_payouts.TestPayPalPayouts" name="test_webhook_item_success_updates_status" time="0.162" /><testcase classname="tests.test_paypal_payouts.TestPayPalPayouts" name="test_webhook_idempotency_no_double_refund" time="0.244" /><testcase classname="tests.test_preview_mesh" name="test_preview_mesh_404_for_unknown_listing" time="0.106" /><testcase classname="tests.test_preview_mesh" name="test_preview_mesh_404_for_unlisted_job" time="0.267" /><testcase classname="tests.test_preview_mesh" name="test_preview_mesh_returns_small_binary_stl" time="0.350" /><testcase classname="tests.test_printers_extras" name="test_default_printer_produces_m600" time="0.244" /><testcase classname="tests.test_printers_extras" name="test_painting_smoothing_changes_delta_e" time="0.236" /><testcase classname="tests.test_printers_extras" name="test_listing_license_round_trip" time="0.351" /><testcase classname="tests.test_quota.TestQuotaFreeTier" name="test_quota_endpoint_for_signed_in_free_user" time="0.115" /><testcase classname="tests.test_quota.TestQuotaFreeTier" name="test_many_downloads_all_succeed_during_beta" time="1.439" /><testcase classname="tests.test_quota.TestQuotaFreeTier" name="test_re_download_of_counted_job_still_allowed" time="0.122" /><testcase classname="tests.test_quota.TestQuotaGuestAndPro" name="test_unauth_download_is_401" time="0.276" /><testcase classname="tests.test_quota.TestQuotaGuestAndPro" name="test_pro_tier_unlimited" time="0.049" /><testcase classname="tests.test_sso_bridge.TestMint" name="test_anonymous_mint_returns_401" time="0.149" /><testcase classname="tests.test_sso_bridge.TestMint" name="test_authed_mint_returns_jwt" time="0.099" /><testcase classname="tests.test_sso_bridge.TestMint" name="test_mint_includes_peer_list" time="0.061" /><testcase classname="tests.test_sso_bridge.TestAccept" name="test_missing_token_returns_400" time="0.280" /><testcase classname="tests.test_sso_bridge.TestAccept" name="test_bad_token_returns_401" time="0.119" /><testcase classname="tests.test_sso_bridge.TestAccept" name="test_expired_token_returns_401" time="0.113" /><testcase classname="tests.test_sso_bridge.TestAccept" name="test_wrong_secret_returns_401" time="0.117" /><testcase classname="tests.test_sso_bridge.TestAccept" name="test_unknown_issuer_returns_403" time="0.118" /><testcase classname="tests.test_sso_bridge.TestAccept" name="test_invalid_email_returns_400" time="0.111" /><testcase classname="tests.test_sso_bridge.TestAccept" name="test_valid_token_creates_user_and_sets_cookie" time="0.121" /><testcase classname="tests.test_sso_bridge.TestAccept" name="test_token_in_body_works_for_no_cors_mode" time="0.120" /><testcase classname="tests.test_sso_bridge.TestAccept" name="test_token_in_body_with_trailing_whitespace_still_works" time="0.171" /><testcase classname="tests.test_sso_bridge.TestAccept" name="test_user_persisted_in_db" time="0.121" /><testcase classname="tests.test_sso_bridge.TestAccept" name="test_existing_user_updates_not_duplicates" time="0.120" /><testcase classname="tests.test_sso_bridge.TestAccept" name="test_suspended_user_refused" time="0.144" /><testcase classname="tests.test_td_caps.TestTDCaps" name="test_td_caps_basic_math" time="0.000" /><testcase classname="tests.test_td_caps.TestTDCaps" name="test_brown_no_longer_dominates" time="0.123" /><testcase classname="tests.test_td_caps.TestTDCaps" name="test_brightness_floor_enforced" time="0.002" /><testcase classname="tests.test_td_caps.TestTDCaps" name="test_brightness_floor_can_be_disabled" time="0.001" /><testcase classname="tests.test_td_caps.TestTDCaps" name="test_chromatic_total_does_not_explode_at_thin_print" time="0.001" /><testcase classname="tests.test_td_caps.TestTDCaps" name="test_light_throughput_improves_vs_old_distribution" time="0.001" /><testcase classname="tests.test_td_caps.TestTDCaps" name="test_caps_robust_to_low_layer_budget" time="0.000" /><testcase classname="tests.test_td_caps.TestTDCaps" name="test_high_td_white_can_absorb_overflow" time="0.001" /><testcase classname="tests.test_td_caps.TestBeerLambertSanity" name="test_brown_at_old_thickness_is_dark" time="0.001" /></testsuite></testsuites>