<?xml version="1.0" encoding="utf-8"?><testsuites name="pytest tests"><testsuite name="pytest" errors="0" failures="0" skipped="0" tests="8" time="1.241" timestamp="2026-06-18T18:51:37.966873+00:00" hostname="agent-env-9903f5df-dbdd-49c6-87a0-c01d0a827e0b"><testcase classname="tests.test_iter110_swap_simulator.TestFilamentLibrarySearchPrice" name="test_search_returns_price_per_kg_usd" time="0.132" /><testcase classname="tests.test_iter110_swap_simulator.TestFilamentLibrarySearchPrice" name="test_brand_tier_ordering" time="0.106" /><testcase classname="tests.test_iter110_swap_simulator.TestFilamentLibrarySearchPrice" name="test_petg_more_expensive_than_pla_same_brand" time="0.202" /><testcase classname="tests.test_iter110_swap_simulator.TestCostEstimatorExplicitPrice" name="test_explicit_price_scales_total_cost" time="0.054" /><testcase classname="tests.test_iter110_swap_simulator.TestStripeRoutesRemoved" name="test_marketplace_checkout_route_is_404" time="0.188" /><testcase classname="tests.test_iter110_swap_simulator.TestBraintreeStillWorks" name="test_braintree_client_token" time="0.315" /><testcase classname="tests.test_iter110_swap_simulator.TestBuyerDownloadInvalidToken" name="test_no_token_no_auth_returns_401" time="0.110" /><testcase classname="tests.test_iter110_swap_simulator.TestBuyerDownloadInvalidToken" name="test_invalid_token_does_not_crash" time="0.109" /></testsuite></testsuites>