<?xml version="1.0" encoding="utf-8"?><testsuites name="pytest tests"><testsuite name="pytest" errors="0" failures="0" skipped="0" tests="17" time="3.093" timestamp="2026-05-01T17:37:49.100510+00:00" hostname="agent-env-9903f5df-dbdd-49c6-87a0-c01d0a827e0b"><testcase classname="backend.tests.test_lithophane_api.TestHealth" name="test_root" time="0.202" /><testcase classname="backend.tests.test_lithophane_api.TestHealth" name="test_default_filaments" time="0.047" /><testcase classname="backend.tests.test_lithophane_api.TestUpload" name="test_upload_raw_b64" time="0.075" /><testcase classname="backend.tests.test_lithophane_api.TestUpload" name="test_upload_data_url" time="0.055" /><testcase classname="backend.tests.test_lithophane_api.TestUpload" name="test_upload_invalid_base64" time="0.057" /><testcase classname="backend.tests.test_lithophane_api.TestOptimize" name="test_optimize_basic" time="0.577" /><testcase classname="backend.tests.test_lithophane_api.TestOptimize" name="test_optimize_preview_is_valid_png" time="0.000" /><testcase classname="backend.tests.test_lithophane_api.TestOptimize" name="test_optimize_unknown_image" time="0.048" /><testcase classname="backend.tests.test_lithophane_api.TestOptimize" name="test_optimize_max_swaps_2" time="0.069" /><testcase classname="backend.tests.test_lithophane_api.TestJobs" name="test_get_job_metadata" time="0.051" /><testcase classname="backend.tests.test_lithophane_api.TestJobs" name="test_get_job_unknown" time="0.050" /><testcase classname="backend.tests.test_lithophane_api.TestExports" name="test_stl" time="0.438" /><testcase classname="backend.tests.test_lithophane_api.TestExports" name="test_swaps" time="0.321" /><testcase classname="backend.tests.test_lithophane_api.TestExports" name="test_3mf" time="0.325" /><testcase classname="backend.tests.test_lithophane_api.TestExports" name="test_export_unknown_job" time="0.136" /><testcase classname="backend.tests.test_lithophane_api.TestCurvedGeometry" name="test_curved_stl" time="0.413" /><testcase classname="backend.tests.test_lithophane_api.TestLegacyStatus" name="test_status_create_and_list" time="0.122" /></testsuite></testsuites>