<?xml version="1.0" encoding="utf-8"?><testsuites name="pytest tests"><testsuite name="pytest" errors="0" failures="0" skipped="0" tests="29" time="5.387" timestamp="2026-05-24T18:06:06.253620+00:00" hostname="agent-env-9903f5df-dbdd-49c6-87a0-c01d0a827e0b"><testcase classname="backend.tests.test_lithophane_api.TestHealth" name="test_root" time="0.202" /><testcase classname="backend.tests.test_lithophane_api.TestHealth" name="test_default_filaments" time="0.057" /><testcase classname="backend.tests.test_lithophane_api.TestUpload" name="test_upload_raw_b64" time="0.066" /><testcase classname="backend.tests.test_lithophane_api.TestUpload" name="test_upload_data_url" time="0.058" /><testcase classname="backend.tests.test_lithophane_api.TestUpload" name="test_upload_invalid_base64" time="0.054" /><testcase classname="backend.tests.test_lithophane_api.TestOptimize" name="test_optimize_basic" time="0.151" /><testcase classname="backend.tests.test_lithophane_api.TestOptimize" name="test_optimize_preview_is_valid_png" time="0.000" /><testcase classname="backend.tests.test_lithophane_api.TestOptimize" name="test_optimize_unknown_image" time="0.055" /><testcase classname="backend.tests.test_lithophane_api.TestOptimize" name="test_optimize_max_swaps_2" time="0.070" /><testcase classname="backend.tests.test_lithophane_api.TestJobs" name="test_get_job_metadata" time="0.057" /><testcase classname="backend.tests.test_lithophane_api.TestJobs" name="test_get_job_unknown" time="0.051" /><testcase classname="backend.tests.test_lithophane_api.TestExports" name="test_stl" time="0.406" /><testcase classname="backend.tests.test_lithophane_api.TestExports" name="test_swaps" time="0.340" /><testcase classname="backend.tests.test_lithophane_api.TestExports" name="test_3mf" time="0.339" /><testcase classname="backend.tests.test_lithophane_api.TestExports" name="test_export_unknown_job" time="0.187" /><testcase classname="backend.tests.test_lithophane_api.TestCurvedGeometry" name="test_curved_stl" time="0.427" /><testcase classname="backend.tests.test_lithophane_api.TestDiscGeometry" name="test_disc_optimize_and_export" time="1.224" /><testcase classname="backend.tests.test_lithophane_api.TestLegacyStatus" name="test_status_create_and_list" time="0.105" /><testcase classname="backend.tests.test_marketplace" name="test_auth_me_requires_token" time="0.003" /><testcase classname="backend.tests.test_marketplace" name="test_auth_me_with_token" time="0.008" /><testcase classname="backend.tests.test_marketplace" name="test_publish_and_browse_marketplace" time="0.009" /><testcase classname="backend.tests.test_marketplace" name="test_unpublish" time="0.006" /><testcase classname="backend.tests.test_marketplace" name="test_my_jobs_includes_listed_flag" time="0.008" /><testcase classname="backend.tests.test_marketplace_checkout.TestMarketplacePublicAccess" name="test_marketplace_list_no_auth" time="0.121" /><testcase classname="backend.tests.test_marketplace_checkout.TestMarketplacePublicAccess" name="test_marketplace_detail_unknown" time="0.056" /><testcase classname="backend.tests.test_marketplace_checkout.TestGuestUploadOptimize" name="test_guest_upload_and_optimize" time="0.112" /><testcase classname="backend.tests.test_marketplace_checkout.TestCheckoutErrorPaths" name="test_checkout_unknown_job_id" time="0.061" /><testcase classname="backend.tests.test_marketplace_checkout.TestCheckoutErrorPaths" name="test_checkout_unlisted_job" time="0.061" /><testcase classname="backend.tests.test_marketplace_checkout.TestDiscOptimize" name="test_disc_100x100_dome_1_5" time="0.507" /></testsuite></testsuites>